convex/auth.ts(264,19): error TS6133: 'ctx' is declared but its value is never read.
convex/auth.ts(276,19): error TS6133: 'ctx' is declared but its value is never read.
src/App.tsx(3,40): error TS6133: 'Navigate' is declared but its value is never read.
src/pages/admin/AttendanceReviews.tsx(4,23): error TS6133: 'Calendar' is declared but its value is never read.
src/pages/admin/AttendanceReviews.tsx(4,33): error TS6133: 'Users' is declared but its value is never read.
src/pages/admin/AttendanceReviews.tsx(86,36): error TS2551: Property 'program' does not exist on type '{ leader: { _id: Id<"users">; _creationTime: number; studentId?: string | undefined; nidn?: string | undefined; picture?: string | undefined; name: string; email: string; role: "admin" | "supervisor" | "student" | "pending"; googleId: string; } | null; ... 8 more ...; memberIds: Id<...>[]; }'. Did you mean 'programId'?
src/pages/admin/AttendanceReviews.tsx(187,72): error TS2551: Property 'program' does not exist on type '{ leader: { _id: Id<"users">; _creationTime: number; studentId?: string | undefined; nidn?: string | undefined; picture?: string | undefined; name: string; email: string; role: "admin" | "supervisor" | "student" | "pending"; googleId: string; } | null; ... 8 more ...; memberIds: Id<...>[]; }'. Did you mean 'programId'?
src/pages/admin/FinalReports.tsx(5,10): error TS6133: 'FileText' is declared but its value is never read.
src/pages/admin/FinalReports.tsx(5,41): error TS6133: 'Download' is declared but its value is never read.
src/pages/admin/FinalReports.tsx(274,30): error TS18047: 'task' is possibly 'null'.
src/pages/admin/FinalReports.tsx(277,26): error TS18047: 'task' is possibly 'null'.
src/pages/admin/FinalReports.tsx(282,42): error TS18047: 'task' is possibly 'null'.
src/pages/admin/FinalReports.tsx(283,28): error TS18047: 'task' is possibly 'null'.
src/pages/admin/FinalReports.tsx(312,71): error TS2339: Property '_id' does not exist on type 'Id<"weeklyReports">'.
src/pages/admin/FinalReports.tsx(321,62): error TS2339: Property '_id' does not exist on type 'Id<"weeklyReports">'.
src/pages/admin/StudentApprovals.tsx(4,10): error TS6133: 'AlertTriangle' is declared but its value is never read.
src/pages/admin/SupervisorManagement.tsx(5,30): error TS6133: 'UserCheck' is declared but its value is never read.
src/pages/SupervisorDashboard.tsx(5,48): error TS6133: 'XCircle' is declared but its value is never read.
